<?xml version="1.0" encoding="UTF-8"?>
<!-- Generated by org.testng.reporters.JUnitReportReporter -->
<testsuite hostname="DESKTOP-KN4S3VJ" failures="0" tests="1" name="test.LoginTest" time="3.316" errors="0" timestamp="2025-02-17T22:15:59 IST" skipped="0">
  <testcase classname="test.LoginTest" name="openGoogle" time="3.316"/>
  <system-out/>
</testsuite> <!-- test.LoginTest -->
